<?xml version="1.0" encoding="UTF-8"?>
<testsuite xmlns:xsi="http://www.w3.org/2001/XMLSchema-instance" xsi:noNamespaceSchemaLocation="https://maven.apache.org/surefire/maven-surefire-plugin/xsd/surefire-test-report-3.0.xsd" version="3.0" name="TestSuite" time="3.397" tests="1" errors="0" skipped="0" failures="0">
  <properties>
    <property name="sun.desktop" value="windows"/>
    <property name="awt.toolkit" value="sun.awt.windows.WToolkit"/>
    <property name="java.specification.version" value="11"/>
    <property name="sun.cpu.isalist" value="amd64"/>
    <property name="sun.jnu.encoding" value="Cp1252"/>
    <property name="java.class.path" value="C:\RestAssured\AutomationFramework_API\target\test-classes;C:\RestAssured\AutomationFramework_API\target\classes;C:\Users\anime\.m2\repository\io\rest-assured\rest-assured\5.3.0\rest-assured-5.3.0.jar;C:\Users\anime\.m2\repository\org\apache\groovy\groovy\4.0.6\groovy-4.0.6.jar;C:\Users\anime\.m2\repository\org\apache\groovy\groovy-xml\4.0.6\groovy-xml-4.0.6.jar;C:\Users\anime\.m2\repository\org\apache\httpcomponents\httpclient\4.5.13\httpclient-4.5.13.jar;C:\Users\anime\.m2\repository\org\apache\httpcomponents\httpcore\4.4.13\httpcore-4.4.13.jar;C:\Users\anime\.m2\repository\commons-logging\commons-logging\1.2\commons-logging-1.2.jar;C:\Users\anime\.m2\repository\commons-codec\commons-codec\1.11\commons-codec-1.11.jar;C:\Users\anime\.m2\repository\org\apache\httpcomponents\httpmime\4.5.13\httpmime-4.5.13.jar;C:\Users\anime\.m2\repository\org\hamcrest\hamcrest\2.1\hamcrest-2.1.jar;C:\Users\anime\.m2\repository\org\ccil\cowan\tagsoup\tagsoup\1.2.1\tagsoup-1.2.1.jar;C:\Users\anime\.m2\repository\io\rest-assured\json-path\5.3.0\json-path-5.3.0.jar;C:\Users\anime\.m2\repository\org\apache\groovy\groovy-json\4.0.6\groovy-json-4.0.6.jar;C:\Users\anime\.m2\repository\io\rest-assured\rest-assured-common\5.3.0\rest-assured-common-5.3.0.jar;C:\Users\anime\.m2\repository\io\rest-assured\xml-path\5.3.0\xml-path-5.3.0.jar;C:\Users\anime\.m2\repository\org\apache\commons\commons-lang3\3.11\commons-lang3-3.11.jar;C:\Users\anime\.m2\repository\org\testng\testng\7.10.2\testng-7.10.2.jar;C:\Users\anime\.m2\repository\org\slf4j\slf4j-api\1.7.36\slf4j-api-1.7.36.jar;C:\Users\anime\.m2\repository\com\beust\jcommander\1.82\jcommander-1.82.jar;C:\Users\anime\.m2\repository\org\webjars\jquery\3.7.1\jquery-3.7.1.jar;C:\Users\anime\.m2\repository\com\fasterxml\jackson\core\jackson-databind\2.18.2\jackson-databind-2.18.2.jar;C:\Users\anime\.m2\repository\com\fasterxml\jackson\core\jackson-annotations\2.18.2\jackson-annotations-2.18.2.jar;C:\Users\anime\.m2\repository\com\fasterxml\jackson\core\jackson-core\2.18.2\jackson-core-2.18.2.jar;C:\Users\anime\.m2\repository\org\apache\logging\log4j\log4j-api\2.20.0\log4j-api-2.20.0.jar;C:\Users\anime\.m2\repository\org\apache\logging\log4j\log4j-core\2.20.0\log4j-core-2.20.0.jar;"/>
    <property name="java.vm.vendor" value="Oracle Corporation"/>
    <property name="sun.arch.data.model" value="64"/>
    <property name="user.variant" value=""/>
    <property name="java.vendor.url" value="https://openjdk.java.net/"/>
    <property name="user.timezone" value="Asia/Calcutta"/>
    <property name="java.vm.specification.version" value="11"/>
    <property name="os.name" value="Windows 11"/>
    <property name="sun.java.launcher" value="SUN_STANDARD"/>
    <property name="user.country" value="US"/>
    <property name="sun.boot.library.path" value="C:\Program Files\Java\jdk-11\bin"/>
    <property name="sun.java.command" value="C:\Users\anime\AppData\Local\Temp\surefire17243456249288234821\surefirebooter9386916971118372758.jar C:\Users\anime\AppData\Local\Temp\surefire17243456249288234821 2025-03-02T09-25-12_293-jvmRun1 surefire7135173384572976419tmp surefire_09877744521170928866tmp"/>
    <property name="jdk.debug" value="release"/>
    <property name="surefire.test.class.path" value="C:\RestAssured\AutomationFramework_API\target\test-classes;C:\RestAssured\AutomationFramework_API\target\classes;C:\Users\anime\.m2\repository\io\rest-assured\rest-assured\5.3.0\rest-assured-5.3.0.jar;C:\Users\anime\.m2\repository\org\apache\groovy\groovy\4.0.6\groovy-4.0.6.jar;C:\Users\anime\.m2\repository\org\apache\groovy\groovy-xml\4.0.6\groovy-xml-4.0.6.jar;C:\Users\anime\.m2\repository\org\apache\httpcomponents\httpclient\4.5.13\httpclient-4.5.13.jar;C:\Users\anime\.m2\repository\org\apache\httpcomponents\httpcore\4.4.13\httpcore-4.4.13.jar;C:\Users\anime\.m2\repository\commons-logging\commons-logging\1.2\commons-logging-1.2.jar;C:\Users\anime\.m2\repository\commons-codec\commons-codec\1.11\commons-codec-1.11.jar;C:\Users\anime\.m2\repository\org\apache\httpcomponents\httpmime\4.5.13\httpmime-4.5.13.jar;C:\Users\anime\.m2\repository\org\hamcrest\hamcrest\2.1\hamcrest-2.1.jar;C:\Users\anime\.m2\repository\org\ccil\cowan\tagsoup\tagsoup\1.2.1\tagsoup-1.2.1.jar;C:\Users\anime\.m2\repository\io\rest-assured\json-path\5.3.0\json-path-5.3.0.jar;C:\Users\anime\.m2\repository\org\apache\groovy\groovy-json\4.0.6\groovy-json-4.0.6.jar;C:\Users\anime\.m2\repository\io\rest-assured\rest-assured-common\5.3.0\rest-assured-common-5.3.0.jar;C:\Users\anime\.m2\repository\io\rest-assured\xml-path\5.3.0\xml-path-5.3.0.jar;C:\Users\anime\.m2\repository\org\apache\commons\commons-lang3\3.11\commons-lang3-3.11.jar;C:\Users\anime\.m2\repository\org\testng\testng\7.10.2\testng-7.10.2.jar;C:\Users\anime\.m2\repository\org\slf4j\slf4j-api\1.7.36\slf4j-api-1.7.36.jar;C:\Users\anime\.m2\repository\com\beust\jcommander\1.82\jcommander-1.82.jar;C:\Users\anime\.m2\repository\org\webjars\jquery\3.7.1\jquery-3.7.1.jar;C:\Users\anime\.m2\repository\com\fasterxml\jackson\core\jackson-databind\2.18.2\jackson-databind-2.18.2.jar;C:\Users\anime\.m2\repository\com\fasterxml\jackson\core\jackson-annotations\2.18.2\jackson-annotations-2.18.2.jar;C:\Users\anime\.m2\repository\com\fasterxml\jackson\core\jackson-core\2.18.2\jackson-core-2.18.2.jar;C:\Users\anime\.m2\repository\org\apache\logging\log4j\log4j-api\2.20.0\log4j-api-2.20.0.jar;C:\Users\anime\.m2\repository\org\apache\logging\log4j\log4j-core\2.20.0\log4j-core-2.20.0.jar;"/>
    <property name="sun.cpu.endian" value="little"/>
    <property name="user.home" value="C:\Users\anime"/>
    <property name="user.language" value="en"/>
    <property name="java.specification.vendor" value="Oracle Corporation"/>
    <property name="java.version.date" value="2023-07-18"/>
    <property name="java.home" value="C:\Program Files\Java\jdk-11"/>
    <property name="file.separator" value="\"/>
    <property name="basedir" value="C:\RestAssured\AutomationFramework_API"/>
    <property name="java.vm.compressedOopsMode" value="32-bit"/>
    <property name="line.separator" value="&#10;"/>
    <property name="java.specification.name" value="Java Platform API Specification"/>
    <property name="java.vm.specification.vendor" value="Oracle Corporation"/>
    <property name="java.awt.graphicsenv" value="sun.awt.Win32GraphicsEnvironment"/>
    <property name="surefire.real.class.path" value="C:\Users\anime\AppData\Local\Temp\surefire17243456249288234821\surefirebooter9386916971118372758.jar"/>
    <property name="user.script" value=""/>
    <property name="sun.management.compiler" value="HotSpot 64-Bit Tiered Compilers"/>
    <property name="java.runtime.version" value="11.0.20+9-LTS-256"/>
    <property name="user.name" value="anime"/>
    <property name="path.separator" value=";"/>
    <property name="os.version" value="10.0"/>
    <property name="java.runtime.name" value="Java(TM) SE Runtime Environment"/>
    <property name="file.encoding" value="Cp1252"/>
    <property name="java.vm.name" value="Java HotSpot(TM) 64-Bit Server VM"/>
    <property name="java.vendor.version" value="18.9"/>
    <property name="localRepository" value="C:\Users\anime\.m2\repository"/>
    <property name="java.vendor.url.bug" value="https://bugreport.java.com/bugreport/"/>
    <property name="java.io.tmpdir" value="C:\Users\anime\AppData\Local\Temp\"/>
    <property name="java.version" value="11.0.20"/>
    <property name="user.dir" value="C:\RestAssured\AutomationFramework_API"/>
    <property name="os.arch" value="amd64"/>
    <property name="java.vm.specification.name" value="Java Virtual Machine Specification"/>
    <property name="java.awt.printerjob" value="sun.awt.windows.WPrinterJob"/>
    <property name="sun.os.patch.level" value=""/>
    <property name="java.library.path" value="C:\Program Files\Java\jdk-11\bin;C:\WINDOWS\Sun\Java\bin;C:\WINDOWS\system32;C:\WINDOWS;C:\Users\anime\bin;C:\Program Files\Git\mingw64\bin;C:\Program Files\Git\usr\local\bin;C:\Program Files\Git\usr\bin;C:\Program Files\Git\usr\bin;C:\Program Files\Git\mingw64\bin;C:\Program Files\Git\usr\bin;C:\Users\anime\bin;C:\Python312\Scripts;C:\Python312;C:\Program Files (x86)\VMware\VMware Player\bin;C:\Users\anime\Pictures\Oracle_19c\WINDOWS.X64_213000_db_home\bin;C:\WINDOWS\system32;C:\WINDOWS;C:\WINDOWS\System32\Wbem;C:\WINDOWS\System32\WindowsPowerShell\v1.0;C:\WINDOWS\System32\OpenSSH;C:\apache-tomcat-10\apache-tomcat-10.0.23\bin;C:\Program Files\dotnet;C:\Program Files\HP\HP One Agent;C:\Program Files\Java\jdk-11\bin;C:\Program Files\nodejs;C:\ProgramData\chocolatey\bin;C:\Users\anime\AppData\Local\Android\Sdk\platform-tools;C:\WINDOWS\system32;C:\WINDOWS;C:\WINDOWS\System32\Wbem;C:\WINDOWS\System32\WindowsPowerShell\v1.0;C:\WINDOWS\System32\OpenSSH;C:\Program Files\Git\cmd;C:\Program Files\Apache\Maven\apache-maven-3.9.9\bin;C:\Users\anime\AppData\Local\Microsoft\WindowsApps;C:\Users\anime\AppData\Local\Programs\Microsoft VS Code\bin;C:\Users\anime\AppData\Roaming\npm;MAVEN_HOME\bin;C:\Program Files\Git\usr\bin\vendor_perl;C:\Program Files\Git\usr\bin\core_perl;."/>
    <property name="suite" value="suite"/>
    <property name="java.vendor" value="Oracle Corporation"/>
    <property name="java.vm.info" value="mixed mode"/>
    <property name="java.vm.version" value="11.0.20+9-LTS-256"/>
    <property name="java.specification.maintenance.version" value="2"/>
    <property name="sun.io.unicode.encoding" value="UnicodeLittle"/>
    <property name="java.class.version" value="55.0"/>
  </properties>
  <testcase name="loginTest" classname="com.api.test.LoginAPITestMuchBetter" time="1.963">
    <system-out><![CDATA[09:25:14.388 [main] INFO  com.api.listeners.TestListener - Started loginTest
09:25:14.394 [main] INFO  com.api.listeners.TestListener - Description loginTest
09:25:15.733 [main] INFO  com.api.filters.LoggingFilter - BASE_URI http://64.227.160.186:8080
09:25:15.733 [main] INFO  com.api.filters.LoggingFilter - Request Header Accept=*/*
Content-Type=application/json
09:25:15.733 [main] INFO  com.api.filters.LoggingFilter - Request Body {"username":"uday1234","password":"uday12345"}
09:25:16.274 [main] INFO  com.api.filters.LoggingFilter - STATUS_CODE 200
09:25:16.303 [main] INFO  com.api.filters.LoggingFilter - Response Body {
    "token": "eyJhbGciOiJIUzI1NiJ9.eyJzdWIiOiJ1ZGF5MTIzNCIsImlhdCI6MTc0MDg4NzcxNywiZXhwIjoxNzQwODkxMzE3fQ.5qIBqvz11xs9KLpYcNtsr5LAlmeC9LfhOOhGiaLMXe8",
    "type": "Bearer",
    "id": 1,
    "username": "uday1234",
    "email": "disha1234@gmail.com",
    "roles": [
        "ROLE_USER"
    ]
}
09:25:16.303 [main] INFO  com.api.filters.LoggingFilter - Response Header Vary=Origin
Vary=Access-Control-Request-Method
Vary=Access-Control-Request-Headers
Access-Control-Allow-Origin=https://swift.techwithjatin.com
Access-Control-Allow-Methods=GET, POST, PUT, DELETE, OPTIONS
Access-Control-Max-Age=3600
Access-Control-Allow-Headers=Authorization, Content-Type, Accept
Access-Control-Allow-Credentials=true
X-Content-Type-Options=nosniff
X-XSS-Protection=0
Cache-Control=no-cache, no-store, max-age=0, must-revalidate
Pragma=no-cache
Expires=0
X-Frame-Options=DENY
Content-Type=application/json
Transfer-Encoding=chunked
Date=Sun, 02 Mar 2025 03:55:17 GMT
Keep-Alive=timeout=60
Connection=keep-alive
{
    "token": "eyJhbGciOiJIUzI1NiJ9.eyJzdWIiOiJ1ZGF5MTIzNCIsImlhdCI6MTc0MDg4NzcxNywiZXhwIjoxNzQwODkxMzE3fQ.5qIBqvz11xs9KLpYcNtsr5LAlmeC9LfhOOhGiaLMXe8",
    "type": "Bearer",
    "id": 1,
    "username": "uday1234",
    "email": "disha1234@gmail.com",
    "roles": [
        "ROLE_USER"
    ]
}
eyJhbGciOiJIUzI1NiJ9.eyJzdWIiOiJ1ZGF5MTIzNCIsImlhdCI6MTc0MDg4NzcxNywiZXhwIjoxNzQwODkxMzE3fQ.5qIBqvz11xs9KLpYcNtsr5LAlmeC9LfhOOhGiaLMXe8
]]></system-out>
    <system-err><![CDATA[SLF4J: Failed to load class "org.slf4j.impl.StaticLoggerBinder".
SLF4J: Defaulting to no-operation (NOP) logger implementation
SLF4J: See http://www.slf4j.org/codes.html#StaticLoggerBinder for further details.
]]></system-err>
  </testcase>
</testsuite>