<?xml version="1.0" encoding="UTF-8"?>
<!-- Generated by org.testng.reporters.JUnitReportReporter -->
<testsuite hostname="Animesh" failures="0" tests="1" name="com.api.test.UpdateProfileTest" time="1.930" errors="0" timestamp="2025-03-01T18:29:33 IST" skipped="0">
  <testcase classname="com.api.test.UpdateProfileTest" name="UpdateProfileTest" time="1.930"/>
</testsuite> <!-- com.api.test.UpdateProfileTest -->
