<?xml version="1.0" encoding="UTF-8"?>
<!-- Generated by org.testng.reporters.JUnitReportReporter -->
<testsuite hostname="Animesh" failures="0" tests="1" name="com.api.test.ForgotPasswordTest" time="1.488" errors="0" timestamp="2025-03-01T16:42:20 IST" skipped="0">
  <testcase classname="com.api.test.ForgotPasswordTest" name="forgotPasswordTest" time="1.488"/>
</testsuite> <!-- com.api.test.ForgotPasswordTest -->
