<?xml version="1.0" encoding="UTF-8"?>
<!-- Generated by org.testng.reporters.JUnitReportReporter -->
<testsuite hostname="Animesh" failures="0" tests="1" name="com.api.test.LoginAPITest" time="1.305" errors="0" timestamp="2025-03-01T11:47:42 IST" skipped="0">
  <testcase classname="com.api.test.LoginAPITest" name="loginTest" time="1.305"/>
</testsuite> <!-- com.api.test.LoginAPITest -->
