<?xml version="1.0" encoding="UTF-8"?>
<!-- Generated by org.testng.reporters.JUnitReportReporter -->
<testsuite hostname="Animesh" failures="0" tests="1" name="com.api.test.GetProfileRequestTest" time="1.891" errors="0" timestamp="2025-03-01T17:50:03 IST" skipped="0">
  <testcase classname="com.api.test.GetProfileRequestTest" name="getProfileInfoTest" time="1.891"/>
</testsuite> <!-- com.api.test.GetProfileRequestTest -->
