<?xml version="1.0" encoding="UTF-8"?>
<!-- Generated by org.testng.reporters.JUnitReportReporter -->
<testsuite hostname="Animesh" failures="0" tests="1" name="com.api.test.LoginAPITestMuchBetter" time="1.666" errors="0" timestamp="2025-03-01T14:14:08 IST" skipped="0">
  <testcase classname="com.api.test.LoginAPITestMuchBetter" name="loginTest" time="1.666"/>
</testsuite> <!-- com.api.test.LoginAPITestMuchBetter -->
