<?xml version="1.0" encoding="UTF-8"?>
<!-- Generated by org.testng.reporters.JUnitReportReporter -->
<testsuite hostname="Animesh" failures="0" tests="1" name="com.api.test.LoginAPITestMuchBetter" time="1.972" errors="0" timestamp="2025-03-02T09:25:16 IST" skipped="0">
  <testcase classname="com.api.test.LoginAPITestMuchBetter" name="loginTest" time="1.972"/>
</testsuite> <!-- com.api.test.LoginAPITestMuchBetter -->
